#
# There is insufficient memory for the Java Runtime Environment to continue.
# Native memory allocation (malloc) failed to allocate 1770896 bytes for Chunk::new
# Possible reasons:
#   The system is out of physical RAM or swap space
#   The process is running with CompressedOops enabled, and the Java Heap may be blocking the growth of the native heap
# Possible solutions:
#   Reduce memory load on the system
#   Increase physical memory or swap space
#   Check if swap backing store is full
#   Decrease Java heap size (-Xmx/-Xms)
#   Decrease number of Java threads
#   Decrease Java thread stack sizes (-Xss)
#   Set larger code cache with -XX:ReservedCodeCacheSize=
#   JVM is running with Unscaled Compressed Oops mode in which the Java heap is
#     placed in the first 4GB address space. The Java Heap base address is the
#     maximum limit for the native heap growth. Please use -XX:HeapBaseMinAddress
#     to set the Java Heap base and to place the Java Heap above 4GB virtual address.
# This output file may be truncated or incomplete.
#
#  Out of Memory Error (allocation.cpp:389), pid=1632, tid=0x0000000000000a24
#
# JRE version: OpenJDK Runtime Environment (8.0_242-b01) (build 1.8.0_242-release-1644-b01)
# Java VM: OpenJDK 64-Bit Server VM (25.242-b01 mixed mode windows-amd64 compressed oops)
# Failed to write core dump. Minidumps are not enabled by default on client versions of Windows
#

---------------  T H R E A D  ---------------

Current thread (0x0000000019f43000):  JavaThread "C2 CompilerThread0" daemon [_thread_in_native, id=2596, stack(0x000000001a810000,0x000000001a910000)]

Stack: [0x000000001a810000,0x000000001a910000]
[error occurred during error reporting (printing stack bounds), id 0xc0000005]

Native frames: (J=compiled Java code, j=interpreted, Vv=VM code, C=native code)


Current CompileTask:
C2:20727895 60474 % !   4       com.android.tools.r8.dex.r::b @ 460 (2682 bytes)


---------------  P R O C E S S  ---------------

Java Threads: ( => current thread )
  0x000000002f1e9800 JavaThread "ForkJoinPool-11-worker-0" daemon [_thread_blocked, id=7220, stack(0x0000000078fd0000,0x00000000790d0000)]
  0x000000002f1e8800 JavaThread "ForkJoinPool-11-worker-7" daemon [_thread_blocked, id=5608, stack(0x0000000078ed0000,0x0000000078fd0000)]
  0x0000000040908000 JavaThread "ForkJoinPool-11-worker-6" daemon [_thread_blocked, id=7716, stack(0x0000000078dd0000,0x0000000078ed0000)]
  0x0000000040907000 JavaThread "ForkJoinPool-11-worker-5" daemon [_thread_blocked, id=568, stack(0x0000000078cd0000,0x0000000078dd0000)]
  0x0000000040900000 JavaThread "ForkJoinPool-11-worker-4" daemon [_thread_blocked, id=2612, stack(0x0000000078bd0000,0x0000000078cd0000)]
  0x00000000408ff800 JavaThread "ForkJoinPool-11-worker-3" daemon [_thread_in_Java, id=8396, stack(0x0000000078ad0000,0x0000000078bd0000)]
  0x0000000040906800 JavaThread "ForkJoinPool-11-worker-2" daemon [_thread_blocked, id=3912, stack(0x00000000789d0000,0x0000000078ad0000)]
  0x0000000040905800 JavaThread "ForkJoinPool-11-worker-1" daemon [_thread_blocked, id=9892, stack(0x00000000788d0000,0x00000000789d0000)]
  0x0000000040904000 JavaThread "WorkerExecutor Queue Thread 9" [_thread_blocked, id=6324, stack(0x00000000787d0000,0x00000000788d0000)]
  0x00000000408fb800 JavaThread "WorkerExecutor Queue Thread 8" [_thread_blocked, id=476, stack(0x00000000786d0000,0x00000000787d0000)]
  0x0000000040902800 JavaThread "WorkerExecutor Queue Thread 7" [_thread_blocked, id=4916, stack(0x00000000785d0000,0x00000000786d0000)]
  0x00000000408fb000 JavaThread "WorkerExecutor Queue Thread 6" [_thread_blocked, id=3188, stack(0x00000000784d0000,0x00000000785d0000)]
  0x00000000408fe800 JavaThread "WorkerExecutor Queue Thread 5" [_thread_blocked, id=1852, stack(0x00000000783d0000,0x00000000784d0000)]
  0x000000003f56b800 JavaThread "WorkerExecutor Queue Thread 4" [_thread_blocked, id=6380, stack(0x00000000782d0000,0x00000000783d0000)]
  0x000000003f56c000 JavaThread "WorkerExecutor Queue Thread 3" [_thread_blocked, id=8244, stack(0x00000000781d0000,0x00000000782d0000)]
  0x000000003f563000 JavaThread "WorkerExecutor Queue Thread 2" [_thread_blocked, id=8660, stack(0x00000000780d0000,0x00000000781d0000)]
  0x000000003f561800 JavaThread "Cache worker for Java compile cache (C:\Users\wobl9\AndroidStudioProjects\FilmsViewer\.gradle\6.1.1\javaCompile)" [_thread_blocked, id=1776, stack(0x0000000077fd0000,0x00000000780d0000)]
  0x000000003f568000 JavaThread "RMI RenewClean-[127.0.0.1:17045,org.jetbrains.kotlin.daemon.common.LoopbackNetworkInterface$ClientLoopbackSocketFactory@242288c9]" daemon [_thread_blocked, id=1204, stack(0x0000000077ed0000,0x0000000077fd0000)]
  0x000000003f560800 JavaThread "WorkerExecutor Queue" [_thread_in_Java, id=8688, stack(0x0000000077dd0000,0x0000000077ed0000)]
  0x000000003f567800 JavaThread "Cache worker for execution history cache (C:\Users\wobl9\AndroidStudioProjects\FilmsViewer\.gradle\6.1.1\executionHistory)" [_thread_blocked, id=1680, stack(0x0000000077bd0000,0x0000000077cd0000)]
  0x000000003f566800 JavaThread "Execution worker for ':' Thread 7" [_thread_blocked, id=9496, stack(0x0000000077ad0000,0x0000000077bd0000)]
  0x000000003f563800 JavaThread "Execution worker for ':' Thread 6" [_thread_blocked, id=10096, stack(0x00000000779d0000,0x0000000077ad0000)]
  0x0000000036d24000 JavaThread "Execution worker for ':' Thread 5" [_thread_blocked, id=8308, stack(0x00000000778d0000,0x00000000779d0000)]
  0x0000000036d1b800 JavaThread "Execution worker for ':' Thread 4" [_thread_blocked, id=3732, stack(0x00000000777d0000,0x00000000778d0000)]
  0x0000000036d21800 JavaThread "Execution worker for ':' Thread 3" [_thread_blocked, id=8136, stack(0x00000000776d0000,0x00000000777d0000)]
  0x0000000036d21000 JavaThread "Execution worker for ':' Thread 2" [_thread_blocked, id=2668, stack(0x00000000775d0000,0x00000000776d0000)]
  0x0000000036d19800 JavaThread "Execution worker for ':'" [_thread_blocked, id=8888, stack(0x00000000774d0000,0x00000000775d0000)]
  0x0000000036d1e800 JavaThread "Cache worker for file content cache (C:\Users\wobl9\AndroidStudioProjects\FilmsViewer\.gradle\6.1.1\fileContent)" [_thread_blocked, id=2656, stack(0x00000000773d0000,0x00000000774d0000)]
  0x0000000036d17000 JavaThread "pool-64-thread-1" [_thread_blocked, id=6436, stack(0x00000000772d0000,0x00000000773d0000)]
  0x0000000036d1a000 JavaThread "Cache worker for Build Output Cleanup Cache (C:\Users\wobl9\AndroidStudioProjects\FilmsViewer\.gradle\buildOutputCleanup)" [_thread_blocked, id=436, stack(0x00000000771d0000,0x00000000772d0000)]
  0x0000000036d16800 JavaThread "Build operations Thread 8" [_thread_blocked, id=4264, stack(0x00000000770d0000,0x00000000771d0000)]
  0x0000000036d0f000 JavaThread "Build operations Thread 7" [_thread_blocked, id=6148, stack(0x0000000076fd0000,0x00000000770d0000)]
  0x0000000036d15800 JavaThread "Build operations Thread 6" [_thread_blocked, id=8692, stack(0x0000000076ed0000,0x0000000076fd0000)]
  0x0000000036d15000 JavaThread "Build operations Thread 5" [_thread_blocked, id=1380, stack(0x0000000076dd0000,0x0000000076ed0000)]
  0x0000000036d0f800 JavaThread "Build operations Thread 4" [_thread_blocked, id=1644, stack(0x0000000076cd0000,0x0000000076dd0000)]
  0x0000000036d14000 JavaThread "Build operations Thread 3" [_thread_blocked, id=8472, stack(0x0000000076bd0000,0x0000000076cd0000)]
  0x0000000036d10800 JavaThread "Build operations Thread 2" [_thread_blocked, id=2512, stack(0x0000000076ad0000,0x0000000076bd0000)]
  0x0000000036d13800 JavaThread "Build operations" [_thread_blocked, id=3400, stack(0x00000000769d0000,0x0000000076ad0000)]
  0x0000000036d11000 JavaThread "Cache worker for cache directory md-rule (C:\Users\wobl9\.gradle\caches\6.1.1\md-rule)" [_thread_blocked, id=6932, stack(0x00000000768d0000,0x00000000769d0000)]
  0x0000000036d12800 JavaThread "Cache worker for cache directory md-supplier (C:\Users\wobl9\.gradle\caches\6.1.1\md-supplier)" [_thread_blocked, id=9280, stack(0x00000000767d0000,0x00000000768d0000)]
  0x0000000036d07800 JavaThread "Cache worker for file hash cache (C:\Users\wobl9\AndroidStudioProjects\FilmsViewer\.gradle\6.1.1\fileHashes)" [_thread_blocked, id=3340, stack(0x00000000766d0000,0x00000000767d0000)]
  0x0000000036d0e000 JavaThread "Cache worker for checksums cache (C:\Users\wobl9\AndroidStudioProjects\FilmsViewer\.gradle\checksums)" [_thread_blocked, id=8344, stack(0x00000000765d0000,0x00000000766d0000)]
  0x0000000036d0d800 JavaThread "Thread-933" [_thread_blocked, id=8632, stack(0x00000000764d0000,0x00000000765d0000)]
  0x0000000036d06000 JavaThread "Stdin handler" [_thread_blocked, id=7944, stack(0x00000000763d0000,0x00000000764d0000)]
  0x0000000036d08000 JavaThread "Asynchronous log dispatcher for DefaultDaemonConnection: socket connection from /127.0.0.1:49992 to /127.0.0.1:63020" [_thread_blocked, id=9204, stack(0x00000000762d0000,0x00000000763d0000)]
  0x0000000036d06800 JavaThread "Cancel handler" [_thread_blocked, id=5268, stack(0x00000000761d0000,0x00000000762d0000)]
  0x0000000036d0c000 JavaThread "Handler for socket connection from /127.0.0.1:49992 to /127.0.0.1:63020" [_thread_in_native, id=6096, stack(0x00000000760d0000,0x00000000761d0000)]
  0x0000000036d09800 JavaThread "RMI TCP Connection(55)-127.0.0.1" daemon [_thread_in_native, id=8896, stack(0x0000000075fd0000,0x00000000760d0000)]
  0x0000000036d1e000 JavaThread "RMI TCP Connection(57)-127.0.0.1" daemon [_thread_in_native, id=1756, stack(0x0000000075cd0000,0x0000000075dd0000)]
  0x0000000036d12000 JavaThread "RMI TCP Connection(59)-127.0.0.1" daemon [_thread_in_native, id=10596, stack(0x0000000075bd0000,0x0000000075cd0000)]
  0x0000000036d0b000 JavaThread "Daemon worker Thread 19" [_thread_blocked, id=9112, stack(0x00000000721d0000,0x00000000722d0000)]
  0x0000000036d05000 JavaThread "Daemon Thread 19" [_thread_blocked, id=10516, stack(0x0000000071ed0000,0x0000000071fd0000)]
  0x0000000036d1b000 JavaThread "RMI TCP Connection(54)-127.0.0.1" daemon [_thread_in_native, id=9644, stack(0x0000000071cd0000,0x0000000071dd0000)]
  0x0000000036d22800 JavaThread "RMI TCP Connection(58)-127.0.0.1" daemon [_thread_in_native, id=5408, stack(0x000000006f9d0000,0x000000006fad0000)]
  0x0000000036d0c800 JavaThread "RMI RenewClean-[127.0.0.1:17045,org.jetbrains.kotlin.daemon.common.LoopbackNetworkInterface$ClientLoopbackSocketFactory@749ab08c]" daemon [_thread_blocked, id=2384, stack(0x000000006b6d0000,0x000000006b7d0000)]
  0x000000003f562000 JavaThread "RMI TCP Accept-0" daemon [_thread_in_native, id=5952, stack(0x000000005f9d0000,0x000000005fad0000)]
  0x000000001ba46000 JavaThread "Cache worker for Java compile cache (C:\Users\wobl9\.gradle\caches\6.1.1\javaCompile)" [_thread_blocked, id=9328, stack(0x00000000521d0000,0x00000000522d0000)]
  0x000000001ba3e000 JavaThread "RMI Reaper" [_thread_blocked, id=3680, stack(0x00000000437d0000,0x00000000438d0000)]
  0x000000001ba41000 JavaThread "RMI TCP Accept-0" daemon [_thread_in_native, id=2864, stack(0x00000000436d0000,0x00000000437d0000)]
  0x000000001ba3f800 JavaThread "GC Daemon" daemon [_thread_blocked, id=8392, stack(0x00000000435d0000,0x00000000436d0000)]
  0x0000000021e1e000 JavaThread "RMI Scheduler(0)" daemon [_thread_blocked, id=4716, stack(0x00000000433d0000,0x00000000434d0000)]
  0x0000000021d57000 JavaThread "Cache worker for file content cache (C:\Users\wobl9\.gradle\caches\6.1.1\fileContent)" [_thread_blocked, id=2856, stack(0x000000003dbd0000,0x000000003dcd0000)]
  0x0000000021d55000 JavaThread "Memory manager" [_thread_blocked, id=7376, stack(0x000000003dad0000,0x000000003dbd0000)]
  0x000000001ccea000 JavaThread "Cache worker for execution history cache (C:\Users\wobl9\.gradle\caches\6.1.1\executionHistory)" [_thread_blocked, id=3940, stack(0x0000000022770000,0x0000000022870000)]
  0x000000001cce6800 JavaThread "Cache worker for file hash cache (C:\Users\wobl9\.gradle\caches\6.1.1\fileHashes)" [_thread_blocked, id=3720, stack(0x000000001eca0000,0x000000001eda0000)]
  0x000000001cce8800 JavaThread "File lock request listener" [_thread_in_native, id=3528, stack(0x000000001eba0000,0x000000001eca0000)]
  0x000000001cedc800 JavaThread "Cache worker for journal cache (C:\Users\wobl9\.gradle\caches\journal-1)" [_thread_blocked, id=3368, stack(0x000000001eaa0000,0x000000001eba0000)]
  0x000000001cb52800 JavaThread "Daemon periodic checks" [_thread_blocked, id=3328, stack(0x000000001dea0000,0x000000001dfa0000)]
  0x000000001cb51800 JavaThread "Incoming local TCP Connector on port 49992" [_thread_in_native, id=3476, stack(0x000000001dc50000,0x000000001dd50000)]
  0x000000001c5e8000 JavaThread "Daemon health stats" [_thread_blocked, id=3480, stack(0x000000001d5f0000,0x000000001d6f0000)]
  0x0000000019fd2800 JavaThread "Service Thread" daemon [_thread_blocked, id=5116, stack(0x000000001ac10000,0x000000001ad10000)]
  0x0000000019f55800 JavaThread "C1 CompilerThread3" daemon [_thread_blocked, id=2640, stack(0x000000001ab10000,0x000000001ac10000)]
  0x0000000019f4c000 JavaThread "C2 CompilerThread2" daemon [_thread_in_native, id=2636, stack(0x000000001aa10000,0x000000001ab10000)]
  0x000000001812c800 JavaThread "C2 CompilerThread1" daemon [_thread_in_native, id=2632, stack(0x000000001a910000,0x000000001aa10000)]
=>0x0000000019f43000 JavaThread "C2 CompilerThread0" daemon [_thread_in_native, id=2596, stack(0x000000001a810000,0x000000001a910000)]
  0x0000000019f42800 JavaThread "Attach Listener" daemon [_thread_blocked, id=2588, stack(0x000000001a710000,0x000000001a810000)]
  0x0000000019f45800 JavaThread "Signal Dispatcher" daemon [_thread_blocked, id=4564, stack(0x000000001a610000,0x000000001a710000)]
  0x0000000019f31800 JavaThread "Finalizer" daemon [_thread_blocked, id=2408, stack(0x000000001a410000,0x000000001a510000)]
  0x0000000019f30800 JavaThread "Reference Handler" daemon [_thread_blocked, id=2404, stack(0x000000001a310000,0x000000001a410000)]
  0x0000000002e6d800 JavaThread "main" [_thread_blocked, id=1044, stack(0x0000000002e80000,0x0000000002f80000)]

Other Threads:
  0x0000000018118000 VMThread [stack: 0x0000000019e10000,0x0000000019f10000] [id=2352]
  0x0000000019fd3800 WatcherThread [stack: 0x000000001ad10000,0x000000001ae10000] [id=2688]

VM state:not at safepoint (normal execution)

VM Mutex/Monitor currently owned by a thread: None

heap address: 0x0000000080000000, size: 2048 MB, Compressed Oops mode: 32-bit
Narrow klass base: 0x0000000000000000, Narrow klass shift: 3
Compressed class space size: 1073741824 Address: 0x0000000100000000

Heap:
 PSYoungGen      total 604672K, used 471736K [0x00000000d5580000, 0x0000000100000000, 0x0000000100000000)
  eden space 524800K, 84% used [0x00000000d5580000,0x00000000f06ff090,0x00000000f5600000)
  from space 79872K, 34% used [0x00000000f5600000,0x00000000f712f1d0,0x00000000fa400000)
  to   space 75264K, 0% used [0x00000000fb680000,0x00000000fb680000,0x0000000100000000)
 ParOldGen       total 556032K, used 484641K [0x0000000080000000, 0x00000000a1f00000, 0x00000000d5580000)
  object space 556032K, 87% used [0x0000000080000000,0x000000009d948598,0x00000000a1f00000)
 Metaspace       used 332018K, capacity 354653K, committed 354840K, reserved 1357824K
  class space    used 41961K, capacity 46061K, committed 46128K, reserved 1048576K

Card table byte_map: [0x0000000012440000,0x0000000012850000] byte_map_base: 0x0000000012040000

Marking Bits: (ParMarkBitMap*) 0x000000006984f030
 Begin Bits: [0x0000000013300000, 0x0000000015300000)
 End Bits:   [0x0000000015300000, 0x0000000017300000)

Polling page: 0x0000000002e10000

CodeCache: size=245760Kb used=166168Kb max_used=166168Kb free=79591Kb
 bounds [0x0000000003080000, 0x000000000d3b0000, 0x0000000012080000]
 total_blobs=46351 nmethods=45279 adapters=978
 compilation: enabled

Compilation events (10 events):
Event: 20727.889 Thread 0x0000000019f55800 nmethod 60537 0x000000000d3a6dd0 code [0x000000000d3a6f40, 0x000000000d3a73b0]
Event: 20727.889 Thread 0x0000000019f55800 60538       2       com.google.common.io.ByteStreams::skipUpTo (78 bytes)
Event: 20727.889 Thread 0x0000000019f55800 nmethod 60538 0x000000000d3a7690 code [0x000000000d3a7820, 0x000000000d3a7bc8]
Event: 20727.889 Thread 0x0000000019f55800 60539       2       com.google.common.util.concurrent.AbstractFuture$TrustedFuture::get (5 bytes)
Event: 20727.890 Thread 0x0000000019f55800 nmethod 60539 0x000000000c3b8250 code [0x000000000c3b83c0, 0x000000000c3b8528]
Event: 20727.892 Thread 0x0000000019f55800 60541       2       java.util.Calendar$Builder::build (635 bytes)
Event: 20727.893 Thread 0x0000000019f55800 nmethod 60541 0x000000000d3a7dd0 code [0x000000000d3a8180, 0x000000000d3a9508]
Event: 20727.895 Thread 0x0000000019f55800 60542  s    2       com.android.tools.build.apkzlib.bytestorage.LruTracker::track (65 bytes)
Event: 20727.895 Thread 0x0000000019f55800 nmethod 60542 0x000000000d3aa5d0 code [0x000000000d3aa780, 0x000000000d3aad18]
Event: 20727.895 Thread 0x0000000019f55800 60543       2       com.google.common.collect.Hashing::needsResizing (22 bytes)

GC Heap History (10 events):
Event: 20414.071 GC heap before
{Heap before GC invocations=94 (full 7):
 PSYoungGen      total 576512K, used 576487K [0x00000000d5580000, 0x0000000100000000, 0x0000000100000000)
  eden space 498176K, 100% used [0x00000000d5580000,0x00000000f3c00000,0x00000000f3c00000)
  from space 78336K, 99% used [0x00000000fb380000,0x00000000ffff9c20,0x0000000100000000)
  to   space 100352K, 0% used [0x00000000f3c00000,0x00000000f3c00000,0x00000000f9e00000)
 ParOldGen       total 556032K, used 472983K [0x0000000080000000, 0x00000000a1f00000, 0x00000000d5580000)
  object space 556032K, 85% used [0x0000000080000000,0x000000009cde5ef8,0x00000000a1f00000)
 Metaspace       used 283211K, capacity 300643K, committed 300952K, reserved 1312768K
  class space    used 35408K, capacity 38514K, committed 38576K, reserved 1048576K
Event: 20414.087 GC heap after
Heap after GC invocations=94 (full 7):
 PSYoungGen      total 598528K, used 20950K [0x00000000d5580000, 0x0000000100000000, 0x0000000100000000)
  eden space 498176K, 0% used [0x00000000d5580000,0x00000000d5580000,0x00000000f3c00000)
  from space 100352K, 20% used [0x00000000f3c00000,0x00000000f5075960,0x00000000f9e00000)
  to   space 95744K, 0% used [0x00000000fa280000,0x00000000fa280000,0x0000000100000000)
 ParOldGen       total 556032K, used 478767K [0x0000000080000000, 0x00000000a1f00000, 0x00000000d5580000)
  object space 556032K, 86% used [0x0000000080000000,0x000000009d38bd70,0x00000000a1f00000)
 Metaspace       used 283211K, capacity 300643K, committed 300952K, reserved 1312768K
  class space    used 35408K, capacity 38514K, committed 38576K, reserved 1048576K
}
Event: 20531.123 GC heap before
{Heap before GC invocations=95 (full 7):
 PSYoungGen      total 598528K, used 519126K [0x00000000d5580000, 0x0000000100000000, 0x0000000100000000)
  eden space 498176K, 100% used [0x00000000d5580000,0x00000000f3c00000,0x00000000f3c00000)
  from space 100352K, 20% used [0x00000000f3c00000,0x00000000f5075960,0x00000000f9e00000)
  to   space 95744K, 0% used [0x00000000fa280000,0x00000000fa280000,0x0000000100000000)
 ParOldGen       total 556032K, used 478767K [0x0000000080000000, 0x00000000a1f00000, 0x00000000d5580000)
  object space 556032K, 86% used [0x0000000080000000,0x000000009d38bd70,0x00000000a1f00000)
 Metaspace       used 293483K, capacity 311823K, committed 311960K, reserved 1320960K
  class space    used 36759K, capacity 40040K, committed 40112K, reserved 1048576K
Event: 20531.142 GC heap after
Heap after GC invocations=95 (full 7):
 PSYoungGen      total 580608K, used 30242K [0x00000000d5580000, 0x00000000fee80000, 0x0000000100000000)
  eden space 502784K, 0% used [0x00000000d5580000,0x00000000d5580000,0x00000000f4080000)
  from space 77824K, 38% used [0x00000000fa280000,0x00000000fc0089e8,0x00000000fee80000)
  to   space 89088K, 0% used [0x00000000f4080000,0x00000000f4080000,0x00000000f9780000)
 ParOldGen       total 556032K, used 480692K [0x0000000080000000, 0x00000000a1f00000, 0x00000000d5580000)
  object space 556032K, 86% used [0x0000000080000000,0x000000009d56d308,0x00000000a1f00000)
 Metaspace       used 293483K, capacity 311823K, committed 311960K, reserved 1320960K
  class space    used 36759K, capacity 40040K, committed 40112K, reserved 1048576K
}
Event: 20655.123 GC heap before
{Heap before GC invocations=96 (full 7):
 PSYoungGen      total 580608K, used 533026K [0x00000000d5580000, 0x00000000fee80000, 0x0000000100000000)
  eden space 502784K, 100% used [0x00000000d5580000,0x00000000f4080000,0x00000000f4080000)
  from space 77824K, 38% used [0x00000000fa280000,0x00000000fc0089e8,0x00000000fee80000)
  to   space 89088K, 0% used [0x00000000f4080000,0x00000000f4080000,0x00000000f9780000)
 ParOldGen       total 556032K, used 480692K [0x0000000080000000, 0x00000000a1f00000, 0x00000000d5580000)
  object space 556032K, 86% used [0x0000000080000000,0x000000009d56d308,0x00000000a1f00000)
 Metaspace       used 309311K, capacity 329383K, committed 329496K, reserved 1337344K
  class space    used 38892K, capacity 42494K, committed 42544K, reserved 1048576K
Event: 20655.136 GC heap after
Heap after GC invocations=96 (full 7):
 PSYoungGen      total 591872K, used 22882K [0x00000000d5580000, 0x0000000100000000, 0x0000000100000000)
  eden space 502784K, 0% used [0x00000000d5580000,0x00000000d5580000,0x00000000f4080000)
  from space 89088K, 25% used [0x00000000f4080000,0x00000000f56d8910,0x00000000f9780000)
  to   space 84992K, 0% used [0x00000000fad00000,0x00000000fad00000,0x0000000100000000)
 ParOldGen       total 556032K, used 482381K [0x0000000080000000, 0x00000000a1f00000, 0x00000000d5580000)
  object space 556032K, 86% used [0x0000000080000000,0x000000009d713538,0x00000000a1f00000)
 Metaspace       used 309311K, capacity 329383K, committed 329496K, reserved 1337344K
  class space    used 38892K, capacity 42494K, committed 42544K, reserved 1048576K
}
Event: 20709.453 GC heap before
{Heap before GC invocations=97 (full 7):
 PSYoungGen      total 591872K, used 525666K [0x00000000d5580000, 0x0000000100000000, 0x0000000100000000)
  eden space 502784K, 100% used [0x00000000d5580000,0x00000000f4080000,0x00000000f4080000)
  from space 89088K, 25% used [0x00000000f4080000,0x00000000f56d8910,0x00000000f9780000)
  to   space 84992K, 0% used [0x00000000fad00000,0x00000000fad00000,0x0000000100000000)
 ParOldGen       total 556032K, used 482381K [0x0000000080000000, 0x00000000a1f00000, 0x00000000d5580000)
  object space 556032K, 86% used [0x0000000080000000,0x000000009d713538,0x00000000a1f00000)
 Metaspace       used 318617K, capacity 339955K, committed 340248K, reserved 1345536K
  class space    used 40176K, capacity 44004K, committed 44080K, reserved 1048576K
Event: 20709.469 GC heap after
Heap after GC invocations=97 (full 7):
 PSYoungGen      total 595456K, used 26466K [0x00000000d5580000, 0x00000000ff200000, 0x0000000100000000)
  eden space 524800K, 0% used [0x00000000d5580000,0x00000000d5580000,0x00000000f5600000)
  from space 70656K, 37% used [0x00000000fad00000,0x00000000fc6d8948,0x00000000ff200000)
  to   space 79872K, 0% used [0x00000000f5600000,0x00000000f5600000,0x00000000fa400000)
 ParOldGen       total 556032K, used 484633K [0x0000000080000000, 0x00000000a1f00000, 0x00000000d5580000)
  object space 556032K, 87% used [0x0000000080000000,0x000000009d946598,0x00000000a1f00000)
 Metaspace       used 318617K, capacity 339955K, committed 340248K, reserved 1345536K
  class space    used 40176K, capacity 44004K, committed 44080K, reserved 1048576K
}
Event: 20726.242 GC heap before
{Heap before GC invocations=98 (full 7):
 PSYoungGen      total 595456K, used 551266K [0x00000000d5580000, 0x00000000ff200000, 0x0000000100000000)
  eden space 524800K, 100% used [0x00000000d5580000,0x00000000f5600000,0x00000000f5600000)
  from space 70656K, 37% used [0x00000000fad00000,0x00000000fc6d8948,0x00000000ff200000)
  to   space 79872K, 0% used [0x00000000f5600000,0x00000000f5600000,0x00000000fa400000)
 ParOldGen       total 556032K, used 484633K [0x0000000080000000, 0x00000000a1f00000, 0x00000000d5580000)
  object space 556032K, 87% used [0x0000000080000000,0x000000009d946598,0x00000000a1f00000)
 Metaspace       used 328963K, capacity 351545K, committed 351896K, reserved 1355776K
  class space    used 41558K, capacity 45643K, committed 45744K, reserved 1048576K
Event: 20726.255 GC heap after
Heap after GC invocations=98 (full 7):
 PSYoungGen      total 604672K, used 27836K [0x00000000d5580000, 0x0000000100000000, 0x0000000100000000)
  eden space 524800K, 0% used [0x00000000d5580000,0x00000000d5580000,0x00000000f5600000)
  from space 79872K, 34% used [0x00000000f5600000,0x00000000f712f1d0,0x00000000fa400000)
  to   space 75264K, 0% used [0x00000000fb680000,0x00000000fb680000,0x0000000100000000)
 ParOldGen       total 556032K, used 484641K [0x0000000080000000, 0x00000000a1f00000, 0x00000000d5580000)
  object space 556032K, 87% used [0x0000000080000000,0x000000009d948598,0x00000000a1f00000)
 Metaspace       used 328963K, capacity 351545K, committed 351896K, reserved 1355776K
  class space    used 41558K, capacity 45643K, committed 45744K, reserved 1048576K
}

Deoptimization events (10 events):
Event: 20727.713 Thread 0x000000003f563000 Uncommon trap: reason=class_check action=maybe_recompile pc=0x000000000cc75780 method=com.android.tools.r8.dex.r.b()Lcom/android/tools/r8/dex/r$a; @ 1361
Event: 20727.714 Thread 0x000000003f563000 Uncommon trap: reason=class_check action=maybe_recompile pc=0x000000000cc75780 method=com.android.tools.r8.dex.r.b()Lcom/android/tools/r8/dex/r$a; @ 1361
Event: 20727.764 Thread 0x0000000040902800 Uncommon trap: reason=class_check action=maybe_recompile pc=0x000000000b9a0d50 method=com.android.tools.r8.dex.m.c(I)V @ 108
Event: 20727.837 Thread 0x000000003f560800 Uncommon trap: reason=bimorphic action=maybe_recompile pc=0x00000000098ad314 method=java.util.function.Predicate.lambda$and$0(Ljava/util/function/Predicate;Ljava/lang/Object;)Z @ 12
Event: 20727.838 Thread 0x000000003f560800 Uncommon trap: reason=bimorphic action=maybe_recompile pc=0x00000000098ad314 method=java.util.function.Predicate.lambda$and$0(Ljava/util/function/Predicate;Ljava/lang/Object;)Z @ 12
Event: 20727.846 Thread 0x000000003f560800 Uncommon trap: reason=unstable_if action=reinterpret pc=0x00000000064d2a5c method=com.android.builder.files.RelativeFile.equals(Ljava/lang/Object;)Z @ 39
Event: 20727.855 Thread 0x000000003f560800 Uncommon trap: reason=class_check action=maybe_recompile pc=0x0000000009affa10 method=com.android.tools.build.apkzlib.zip.CentralDirectoryHeader.getCompressionInfoWithWait()Lcom/android/tools/build/apkzlib/zip/CentralDirectoryHeaderCompressInfo; @ 4
Event: 20727.855 Thread 0x000000003f560800 Uncommon trap: reason=class_check action=maybe_recompile pc=0x0000000009affa10 method=com.android.tools.build.apkzlib.zip.CentralDirectoryHeader.getCompressionInfoWithWait()Lcom/android/tools/build/apkzlib/zip/CentralDirectoryHeaderCompressInfo; @ 4
Event: 20727.856 Thread 0x000000003f560800 Uncommon trap: reason=class_check action=maybe_recompile pc=0x0000000009affa10 method=com.android.tools.build.apkzlib.zip.CentralDirectoryHeader.getCompressionInfoWithWait()Lcom/android/tools/build/apkzlib/zip/CentralDirectoryHeaderCompressInfo; @ 4
Event: 20727.857 Thread 0x000000003f560800 Uncommon trap: reason=class_check action=maybe_recompile pc=0x0000000009affa10 method=com.android.tools.build.apkzlib.zip.CentralDirectoryHeader.getCompressionInfoWithWait()Lcom/android/tools/build/apkzlib/zip/CentralDirectoryHeaderCompressInfo; @ 4

Classes redefined (0 events):
No events

Internal exceptions (10 events):
Event: 20727.777 Thread 0x00000000408fe800 Exception <a 'sun/nio/fs/WindowsException'> (0x00000000e8fe0090) thrown at [C:\src\AOSP-openjdk-git\hotspot\src\share\vm\prims\jni.cpp, line 710]
Event: 20727.778 Thread 0x00000000408fe800 Exception <a 'sun/nio/fs/WindowsException'> (0x00000000e8fe9d70) thrown at [C:\src\AOSP-openjdk-git\hotspot\src\share\vm\prims\jni.cpp, line 710]
Event: 20727.778 Thread 0x00000000408fe800 Exception <a 'sun/nio/fs/WindowsException'> (0x00000000e8ff1fa8) thrown at [C:\src\AOSP-openjdk-git\hotspot\src\share\vm\prims\jni.cpp, line 710]
Event: 20727.779 Thread 0x00000000408fe800 Exception <a 'sun/nio/fs/WindowsException'> (0x00000000e8ffd400) thrown at [C:\src\AOSP-openjdk-git\hotspot\src\share\vm\prims\jni.cpp, line 710]
Event: 20727.780 Thread 0x00000000408fe800 Exception <a 'sun/nio/fs/WindowsException'> (0x00000000e90071e0) thrown at [C:\src\AOSP-openjdk-git\hotspot\src\share\vm\prims\jni.cpp, line 710]
Event: 20727.780 Thread 0x00000000408fe800 Exception <a 'sun/nio/fs/WindowsException'> (0x00000000e900c7f8) thrown at [C:\src\AOSP-openjdk-git\hotspot\src\share\vm\prims\jni.cpp, line 710]
Event: 20727.780 Thread 0x00000000408fe800 Exception <a 'sun/nio/fs/WindowsException'> (0x00000000e9014a60) thrown at [C:\src\AOSP-openjdk-git\hotspot\src\share\vm\prims\jni.cpp, line 710]
Event: 20727.781 Thread 0x00000000408fe800 Exception <a 'sun/nio/fs/WindowsException'> (0x00000000e9371d80) thrown at [C:\src\AOSP-openjdk-git\hotspot\src\share\vm\prims\jni.cpp, line 710]
Event: 20727.781 Thread 0x00000000408fe800 Exception <a 'sun/nio/fs/WindowsException'> (0x00000000e937b008) thrown at [C:\src\AOSP-openjdk-git\hotspot\src\share\vm\prims\jni.cpp, line 710]
Event: 20727.811 Thread 0x000000003f56c000 Exception <a 'sun/nio/fs/WindowsException'> (0x00000000ea289680) thrown at [C:\src\AOSP-openjdk-git\hotspot\src\share\vm\prims\jni.cpp, line 710]

Events (10 events):
Event: 20727.856 loading class com/android/tools/build/apkzlib/zip/StoredEntry done
Event: 20727.856 loading class com/android/tools/build/apkzlib/zip/StoredEntry
Event: 20727.856 loading class com/android/tools/build/apkzlib/zip/StoredEntry done
Event: 20727.857 Thread 0x000000003f560800 Uncommon trap: trap_request=0xffffffde fr.pc=0x0000000009affa10
Event: 20727.857 Thread 0x000000003f560800 DEOPT PACKING pc=0x0000000009affa10 sp=0x0000000077ecdc30
Event: 20727.857 Thread 0x000000003f560800 DEOPT UNPACKING pc=0x00000000030c557b sp=0x0000000077ecdbb8 mode 2
Event: 20727.867 loading class com/android/builder/merge/StreamMergeAlgorithm
Event: 20727.867 loading class com/android/builder/merge/StreamMergeAlgorithm done
Event: 20727.883 Thread 0x00000000408ff800 DEOPT PACKING pc=0x000000000b9e1324 sp=0x0000000078bcef10
Event: 20727.883 Thread 0x00000000408ff800 DEOPT UNPACKING pc=0x00000000030c75d0 sp=0x0000000078bced50 mode 0


Dynamic libraries:
0x00007ff669b60000 - 0x00007ff669b91000 	C:\Program Files\Android\Android Studio\jre\bin\java.exe
0x00007ffe78580000 - 0x00007ffe7876d000 	C:\Windows\SYSTEM32\ntdll.dll
0x00007ffe78230000 - 0x00007ffe782e3000 	C:\Windows\System32\KERNEL32.DLL
0x00007ffe74930000 - 0x00007ffe74bc4000 	C:\Windows\System32\KERNELBASE.dll
0x00007ffe76460000 - 0x00007ffe76503000 	C:\Windows\System32\ADVAPI32.dll
0x00007ffe78190000 - 0x00007ffe7822e000 	C:\Windows\System32\msvcrt.dll
0x00007ffe78480000 - 0x00007ffe7851e000 	C:\Windows\System32\sechost.dll
0x00007ffe75cd0000 - 0x00007ffe75df2000 	C:\Windows\System32\RPCRT4.dll
0x00007ffe77ff0000 - 0x00007ffe78187000 	C:\Windows\System32\USER32.dll
0x00007ffe75550000 - 0x00007ffe75570000 	C:\Windows\System32\win32u.dll
0x00007ffe78520000 - 0x00007ffe78549000 	C:\Windows\System32\GDI32.dll
0x00007ffe75330000 - 0x00007ffe754cb000 	C:\Windows\System32\gdi32full.dll
0x00007ffe74810000 - 0x00007ffe748b0000 	C:\Windows\System32\msvcp_win.dll
0x00007ffe75670000 - 0x00007ffe7576a000 	C:\Windows\System32\ucrtbase.dll
0x00007ffe65280000 - 0x00007ffe654f9000 	C:\Windows\WinSxS\amd64_microsoft.windows.common-controls_6595b64144ccf1df_6.0.17763.1397_none_de7645305346d5dc\COMCTL32.dll
0x00007ffe76510000 - 0x00007ffe7683c000 	C:\Windows\System32\combase.dll
0x00007ffe754d0000 - 0x00007ffe7554e000 	C:\Windows\System32\bcryptPrimitives.dll
0x00007ffe75860000 - 0x00007ffe7588e000 	C:\Windows\System32\IMM32.DLL
0x0000000068ec0000 - 0x0000000068f92000 	C:\Program Files\Android\Android Studio\jre\jre\bin\msvcr100.dll
0x0000000069080000 - 0x00000000698cb000 	C:\Program Files\Android\Android Studio\jre\jre\bin\server\jvm.dll
0x00007ffe77fe0000 - 0x00007ffe77fe8000 	C:\Windows\System32\PSAPI.DLL
0x00007ffe67740000 - 0x00007ffe67749000 	C:\Windows\SYSTEM32\WSOCK32.dll
0x00007ffe685d0000 - 0x00007ffe685f4000 	C:\Windows\SYSTEM32\WINMM.dll
0x00007ffe6f850000 - 0x00007ffe6f85a000 	C:\Windows\SYSTEM32\VERSION.dll
0x00007ffe77ef0000 - 0x00007ffe77f5d000 	C:\Windows\System32\WS2_32.dll
0x00007ffe68570000 - 0x00007ffe6859d000 	C:\Windows\SYSTEM32\WINMMBASE.dll
0x00007ffe75620000 - 0x00007ffe7566a000 	C:\Windows\System32\cfgmgr32.dll
0x00007ffe66f80000 - 0x00007ffe66f8f000 	C:\Program Files\Android\Android Studio\jre\jre\bin\verify.dll
0x00007ffe60af0000 - 0x00007ffe60b19000 	C:\Program Files\Android\Android Studio\jre\jre\bin\java.dll
0x00007ffe60ad0000 - 0x00007ffe60ae6000 	C:\Program Files\Android\Android Studio\jre\jre\bin\zip.dll
0x00007ffe769f0000 - 0x00007ffe77ee8000 	C:\Windows\System32\SHELL32.dll
0x00007ffe763b0000 - 0x00007ffe76459000 	C:\Windows\System32\shcore.dll
0x00007ffe74bd0000 - 0x00007ffe75323000 	C:\Windows\System32\windows.storage.dll
0x00007ffe745c0000 - 0x00007ffe745e4000 	C:\Windows\System32\profapi.dll
0x00007ffe74560000 - 0x00007ffe745bd000 	C:\Windows\System32\powrprof.dll
0x00007ffe75800000 - 0x00007ffe75852000 	C:\Windows\System32\shlwapi.dll
0x00007ffe745f0000 - 0x00007ffe74601000 	C:\Windows\System32\kernel.appcore.dll
0x00007ffe74910000 - 0x00007ffe74927000 	C:\Windows\System32\cryptsp.dll
0x00007ffe60ab0000 - 0x00007ffe60aca000 	C:\Program Files\Android\Android Studio\jre\jre\bin\net.dll
0x00007ffe73dc0000 - 0x00007ffe73e27000 	C:\Windows\system32\mswsock.dll
0x00007ffe60750000 - 0x00007ffe60763000 	C:\Program Files\Android\Android Studio\jre\jre\bin\nio.dll
0x00007ffe5d890000 - 0x00007ffe5d8b6000 	C:\Users\wobl9\.gradle\native\31\windows-amd64\native-platform.dll
0x00007ffe60aa0000 - 0x00007ffe60aad000 	C:\Program Files\Android\Android Studio\jre\jre\bin\management.dll
0x00007ffe73940000 - 0x00007ffe73973000 	C:\Windows\system32\rsaenh.dll
0x00007ffe75770000 - 0x00007ffe75796000 	C:\Windows\System32\bcrypt.dll
0x00007ffe74450000 - 0x00007ffe74478000 	C:\Windows\SYSTEM32\USERENV.dll
0x00007ffe73f90000 - 0x00007ffe73f9c000 	C:\Windows\SYSTEM32\CRYPTBASE.dll
0x00007ffe73ae0000 - 0x00007ffe73b1d000 	C:\Windows\SYSTEM32\IPHLPAPI.DLL
0x00007ffe75b50000 - 0x00007ffe75b58000 	C:\Windows\System32\NSI.dll
0x00007ffe6fb00000 - 0x00007ffe6fb16000 	C:\Windows\SYSTEM32\dhcpcsvc6.DLL
0x00007ffe6fae0000 - 0x00007ffe6fafc000 	C:\Windows\SYSTEM32\dhcpcsvc.DLL
0x00007ffe73b20000 - 0x00007ffe73be7000 	C:\Windows\SYSTEM32\DNSAPI.dll
0x00007ffe5ea60000 - 0x00007ffe5ea84000 	C:\Program Files\Android\Android Studio\jre\jre\bin\sunec.dll
0x00007ffe6f360000 - 0x00007ffe6f36a000 	C:\Windows\System32\rasadhlp.dll
0x00007ffe6da90000 - 0x00007ffe6db09000 	C:\Windows\System32\fwpuclnt.dll
0x00007ffe5f060000 - 0x00007ffe5f06b000 	C:\Program Files\Android\Android Studio\jre\jre\bin\sunmscapi.dll
0x00007ffe74630000 - 0x00007ffe7480c000 	C:\Windows\System32\CRYPT32.dll
0x00007ffe74610000 - 0x00007ffe74622000 	C:\Windows\System32\MSASN1.dll
0x00007ffe735c0000 - 0x00007ffe735f1000 	C:\Windows\SYSTEM32\ntmarta.dll
0x00007ffe5de80000 - 0x00007ffe5de9e000 	C:\Users\wobl9\AppData\Local\Temp\native-platform1278186093671633052dir\native-platform.dll

VM Arguments:
jvm_args: -Xmx2048m -Dfile.encoding=windows-1251 -Duser.country=RU -Duser.language=ru -Duser.variant 
java_command: org.gradle.launcher.daemon.bootstrap.GradleDaemon 6.1.1
java_class_path (initial): C:\Users\wobl9\.gradle\wrapper\dists\gradle-6.1.1-all\cfmwm155h49vnt3hynmlrsdst\gradle-6.1.1\lib\gradle-launcher-6.1.1.jar
Launcher Type: SUN_STANDARD

Environment Variables:
PATH=C:\Windows\system32;C:\Windows;C:\Windows\System32\Wbem;C:\Windows\System32\WindowsPowerShell\v1.0\;C:\Windows\System32\OpenSSH\;C:\Program Files\Git\cmd;C:\Users\wobl9\Downloads\gradle-6.5.1-all\gradle-6.5.1;C:\Users\wobl9\AppData\Local\Programs\Python\Python38\Scripts\;C:\Users\wobl9\AppData\Local\Programs\Python\Python38\;C:\Users\wobl9\AppData\Local\Programs\Python\Python35\Scripts\;C:\Users\wobl9\AppData\Local\Programs\Python\Python35\;C:\Users\wobl9\AppData\Local\Microsoft\WindowsApps;C:\Program Files\Tesseract-OCR;
USERNAME=wobl9
OS=Windows_NT
PROCESSOR_IDENTIFIER=Intel64 Family 6 Model 158 Stepping 13, GenuineIntel



---------------  S Y S T E M  ---------------

OS: Windows 10.0 , 64 bit Build 17763 (10.0.17763.1339)

CPU:total 8 (initial active 8) (8 cores per cpu, 1 threads per core) family 6 model 158 stepping 13, cmov, cx8, fxsr, mmx, sse, sse2, sse3, ssse3, sse4.1, sse4.2, popcnt, avx, avx2, aes, clmul, erms, rtm, 3dnowpref, lzcnt, tsc, tscinvbit, bmi1, bmi2, adx

Memory: 4k page, physical 16718072k(3227784k free), swap 18815224k(6584k free)

vm_info: OpenJDK 64-Bit Server VM (25.242-b01) for windows-amd64 JRE (1.8.0_242-release-1644-b01), built by "builder" with MS VC++ 10.0 (VS2010)

time: Sun Aug 30 19:25:00 2020
timezone: RTZ 2 (зима)
elapsed time: 20727 seconds (0d 5h 45m 27s)

